test_array_element_finding_es5.js
10.743
test_array_element_finding.js
TypeError: Expected a function.
    at /home/kovalcsik/IoLT/sajat/iotjs/sajat_js_tests/temp_test.js:14
test_array_matching_es5.js
8.596
test_array_matching.js
SyntaxError: Identifier expected. [line: 15, column: 5]
test_base_class_access_es5.js
10.095
test_base_class_access.js
SyntaxError: Primary expression expected. [line: 36, column: 1]
test_binary_and_octal_literal_es5.js
14.526
test_binary_and_octal_literal.js
SyntaxError: Identifier cannot start after a number. [line: 14, column: 14]
test_block-scoped_functions_es5.js
7.56
test_block-scoped_functions.js
AssertionError: {"actual":2,"expected":1,"operator":"=="}
test_block-scoped_variables_es5.js
8.517
test_block-scoped_variables.js
AssertionError: {"actual":10,"expected":0,"operator":"=="}
test_class_definition_es5.js
13.677
test_class_definition.js
SyntaxError: Primary expression expected. [line: 22, column: 1]
test_class_inheritance_es5.js
6.44
test_class_inheritance__from_expressions_es5.js
7.002
test_class_inheritance__from_expressions.js
SyntaxError: Primary expression expected. [line: 75, column: 1]
test_class_inheritance.js
SyntaxError: Primary expression expected. [line: 25, column: 1]
test_collation.js
ReferenceError: Intl is not defined
    at /home/kovalcsik/IoLT/sajat/iotjs/sajat_js_tests/temp_test.js:22
test_computed_property_names_es5.js
8.037
test_computed_property_names.js
SyntaxError: Property identifier expected. [line: 18, column: 9]
test_const_es5.js
8.803
test_const.js
SyntaxError: Primary expression expected. [line: 14, column: 1]
test_currency_formatting.js
ReferenceError: Intl is not defined
    at /home/kovalcsik/IoLT/sajat/iotjs/sajat_js_tests/temp_test.js:18
test_custom_interpolation_es5.js
7.838
test_custom_interpolation.js
SyntaxError: Expected ')' token. [line: 20, column: 17]
test_date-time_formatting.js
ReferenceError: Intl is not defined
    at /home/kovalcsik/IoLT/sajat/iotjs/sajat_js_tests/temp_test.js:16
test_default_parameter_values_es5.js
7.544
test_default_parameter_values.js
SyntaxError: Expected ')' token. [line: 16, column: 17]
test_expression_bodies_es5.js
15.341
test_expression_bodies.js
16.955
test_fail-soft_destructuring_es5.js
8.831
test_fail-soft_destructuring.js
SyntaxError: Identifier expected. [line: 19, column: 5]
test_generator_function_direct_use_es5.js
12.616
test_generator_function_direct_use.js
SyntaxError: Identifier expected. [line: 24, column: 9]
test_generator_function_iterator_protocol_es5.js
11.272
test_generator_function_iterator_protocol.js
SyntaxError: Property identifier expected. [line: 49, column: 17]
test_generator_matching_es5.js
10.408
test_generator_matching.js
SyntaxError: Expected argument list. [line: 26, column: 25]
test_generator_methods.js
SyntaxError: Identifier expected. [line: 22, column: 9]
test_getter_setter_es5.js
16.38
test_getter_setter.js
SyntaxError: Primary expression expected. [line: 25, column: 1]
test_global_symbols.js
SyntaxError: Primary expression expected. [line: 27, column: 1]
test_iterator_and_for-of_operator_es5.js
11.732
test_iterator_and_for-of_operator.js
SyntaxError: Property identifier expected. [line: 33, column: 9]
test_lexical_this_es5.js
9.701
test_lexical_this.js
10.695
test_map_data-structure_es5.js
7.456
test_map_data-structure.js
ReferenceError: Map is not defined
    at /home/kovalcsik/IoLT/sajat/iotjs/sajat_js_tests/temp_test.js:20
test_map_data-structure_new.js
ReferenceError: Map is not defined
    at /home/kovalcsik/IoLT/sajat/iotjs/sajat_js_tests/temp_test.js:20
test_method_properties_es5.js
8.745
test_method_properties.js
SyntaxError: Expected ':' token. [line: 24, column: 13]
test_number_comparison_es5.js
12.499
test_number_comparison.js
AssertionError: {"actual":false,"expected":true,"operator":"=="}
test_number_formatting.js
ReferenceError: Intl is not defined
    at /home/kovalcsik/IoLT/sajat/iotjs/sajat_js_tests/temp_test.js:16
test_number_safety_checking_es5.js
12.452
test_number_safety_checking.js
TypeError: Expected a function.
    at /home/kovalcsik/IoLT/sajat/iotjs/sajat_js_tests/temp_test.js:14
test_number_sign_determination_es5.js
11.213
test_number_sign_determination.js
TypeError: Expected a function.
    at /home/kovalcsik/IoLT/sajat/iotjs/sajat_js_tests/temp_test.js:17
test_number_truncation_es5.js
7.152
test_number_truncation.js
TypeError: Expected a function.
    at /home/kovalcsik/IoLT/sajat/iotjs/sajat_js_tests/temp_test.js:15
test_number_type_checking_es5.js
13.882
test_number_type_checking.js
TypeError: Expected a function.
    at /home/kovalcsik/IoLT/sajat/iotjs/sajat_js_tests/temp_test.js:18
test_object_and_array_matching_default_values_es5.js
7.732
test_object_and_array_matching_default_values.js
SyntaxError: Identifier expected. [line: 18, column: 5]
test_object_matching_deep_matching_es5.js
8.401
test_object_matching_deep_matching.js
SyntaxError: Identifier expected. [line: 23, column: 5]
test_object_matching_shorthand_notation_es5.js
13.835
test_object_matching_shorthand_notation.js
SyntaxError: Identifier expected. [line: 21, column: 5]
test_object_property_assignment_es5.js
12.44
test_object_property_assignment.js
TypeError: Expected a function.
    at /home/kovalcsik/IoLT/sajat/iotjs/sajat_js_tests/temp_test.js:23
test_parameter_context_matching_es5.js
8.067
test_parameter_context_matching.js
SyntaxError: Identifier expected. [line: 24, column: 13]
test_property_shorthand_es5.js
13.051
test_property_shorthand.js
SyntaxError: Expected ':' token. [line: 15, column: 10]
test_proxying.js
SyntaxError: Property identifier expected. [line: 26, column: 13]
test_raw_string_access.js
SyntaxError: Identifier expected. [line: 21, column: 25]
test_reflection_es5.js
9.139
test_reflection.js
ReferenceError: Reflect is not defined
    at /home/kovalcsik/IoLT/sajat/iotjs/sajat_js_tests/temp_test.js:17
test_regular_expression_sticky_matching_es5.js
11.458
test_regular_expression_sticky_matching.js
SyntaxError: Unknown regexp flag. [line: 49, column: 20]
test_rest_parameter_es5.js
11.293
test_rest_parameter.js
SyntaxError: Identifier expected. [line: 16, column: 19]
test_set_data-structure_es5.js
8.051
test_set_data-structure.js
SyntaxError: Invalid expression. [line: 22, column: 14]
test_spread_operator_es5.js
12.925
test_spread_operator.js
SyntaxError: Primary expression expected. [line: 21, column: 21]
test_statement_bodies_es5.js
9.406
test_statement_bodies.js
9.211
test_static_members_es5.js
13.522
test_static_members.js
SyntaxError: Primary expression expected. [line: 26, column: 1]
test_string_interpolation_es5.js
8.241
test_string_interpolation.js
8.295
test_string_repeating_es5.js
10.532
test_string_repeating.js
TypeError: Expected a function.
    at /home/kovalcsik/IoLT/sajat/iotjs/sajat_js_tests/temp_test.js:14
test_string_searching_es5.js
12.62
test_string_searching.js
TypeError: Expected a function.
    at /home/kovalcsik/IoLT/sajat/iotjs/sajat_js_tests/temp_test.js:17
test_symbol_type.js
ReferenceError: Symbol is not defined
    at /home/kovalcsik/IoLT/sajat/iotjs/sajat_js_tests/temp_test.js:24
test_typed_arrays.js
0
test_weak-link_data-structures.js
SyntaxError: Expected ';' token. [line: 45, column: 5]
2018. m√°j. 23., szerda, 10:10:50 CEST
